[INFO ] [2021-04-26 18:02:55][c.h.f.FastbootApplication] [55] - Starting FastbootApplication on LAPTOP-CEIRMF4K with PID 13228 (D:\workspase\fastboot\target\classes started by hjljy in D:\workspase\fastboot)
[INFO ] [2021-04-26 18:02:55][c.h.f.FastbootApplication] [655] - The following profiles are active: dev
[INFO ] [2021-04-26 18:02:56][o.s.d.r.c.RepositoryConfigurationDelegate] [249] - Multiple Spring Data modules found, entering strict repository configuration mode!
[INFO ] [2021-04-26 18:02:56][o.s.d.r.c.RepositoryConfigurationDelegate] [127] - Bootstrapping Spring Data Redis repositories in DEFAULT mode.
[INFO ] [2021-04-26 18:02:56][o.s.d.r.c.RepositoryConfigurationDelegate] [187] - Finished Spring Data repository scanning in 22ms. Found 0 Redis repository interfaces.
[INFO ] [2021-04-26 18:02:56][o.s.c.s.PostProcessorRegistrationDelegate$BeanPostProcessorChecker] [335] - Bean 'org.springframework.security.access.expression.method.DefaultMethodSecurityExpressionHandler@5f883d90' of type [org.springframework.security.oauth2.provider.expression.OAuth2MethodSecurityExpressionHandler] is not eligible for getting processed by all BeanPostProcessors (for example: not eligible for auto-proxying)
[INFO ] [2021-04-26 18:02:56][o.s.c.s.PostProcessorRegistrationDelegate$BeanPostProcessorChecker] [335] - Bean 'methodSecurityMetadataSource' of type [org.springframework.security.access.method.DelegatingMethodSecurityMetadataSource] is not eligible for getting processed by all BeanPostProcessors (for example: not eligible for auto-proxying)
[INFO ] [2021-04-26 18:02:56][o.s.c.s.PostProcessorRegistrationDelegate$BeanPostProcessorChecker] [335] - Bean 'org.springframework.boot.autoconfigure.jdbc.DataSourceTransactionManagerAutoConfiguration$DataSourceTransactionManagerConfiguration' of type [org.springframework.boot.autoconfigure.jdbc.DataSourceTransactionManagerAutoConfiguration$DataSourceTransactionManagerConfiguration] is not eligible for getting processed by all BeanPostProcessors (for example: not eligible for auto-proxying)
[INFO ] [2021-04-26 18:02:56][o.s.c.s.PostProcessorRegistrationDelegate$BeanPostProcessorChecker] [335] - Bean 'com.alibaba.druid.spring.boot.autoconfigure.DruidDataSourceAutoConfigure' of type [com.alibaba.druid.spring.boot.autoconfigure.DruidDataSourceAutoConfigure$$EnhancerBySpringCGLIB$$e1b14bb] is not eligible for getting processed by all BeanPostProcessors (for example: not eligible for auto-proxying)
[INFO ] [2021-04-26 18:02:56][c.a.d.s.b.a.DruidDataSourceAutoConfigure] [56] - Init DruidDataSource
[INFO ] [2021-04-26 18:02:56][o.s.c.s.PostProcessorRegistrationDelegate$BeanPostProcessorChecker] [335] - Bean 'spring.datasource-org.springframework.boot.autoconfigure.jdbc.DataSourceProperties' of type [org.springframework.boot.autoconfigure.jdbc.DataSourceProperties] is not eligible for getting processed by all BeanPostProcessors (for example: not eligible for auto-proxying)
[INFO ] [2021-04-26 18:02:57][c.a.d.p.DruidDataSource] [994] - {dataSource-1,数据源名称} inited
[INFO ] [2021-04-26 18:02:57][o.s.c.s.PostProcessorRegistrationDelegate$BeanPostProcessorChecker] [335] - Bean 'dataSource' of type [com.alibaba.druid.spring.boot.autoconfigure.DruidDataSourceWrapper] is not eligible for getting processed by all BeanPostProcessors (for example: not eligible for auto-proxying)
[INFO ] [2021-04-26 18:02:57][o.s.c.s.PostProcessorRegistrationDelegate$BeanPostProcessorChecker] [335] - Bean 'org.springframework.boot.autoconfigure.jdbc.DataSourceInitializerInvoker' of type [org.springframework.boot.autoconfigure.jdbc.DataSourceInitializerInvoker] is not eligible for getting processed by all BeanPostProcessors (for example: not eligible for auto-proxying)
[INFO ] [2021-04-26 18:02:57][o.s.c.s.PostProcessorRegistrationDelegate$BeanPostProcessorChecker] [335] - Bean 'org.springframework.boot.autoconfigure.transaction.TransactionAutoConfiguration' of type [org.springframework.boot.autoconfigure.transaction.TransactionAutoConfiguration] is not eligible for getting processed by all BeanPostProcessors (for example: not eligible for auto-proxying)
[INFO ] [2021-04-26 18:02:57][o.s.c.s.PostProcessorRegistrationDelegate$BeanPostProcessorChecker] [335] - Bean 'spring.transaction-org.springframework.boot.autoconfigure.transaction.TransactionProperties' of type [org.springframework.boot.autoconfigure.transaction.TransactionProperties] is not eligible for getting processed by all BeanPostProcessors (for example: not eligible for auto-proxying)
[INFO ] [2021-04-26 18:02:57][o.s.c.s.PostProcessorRegistrationDelegate$BeanPostProcessorChecker] [335] - Bean 'platformTransactionManagerCustomizers' of type [org.springframework.boot.autoconfigure.transaction.TransactionManagerCustomizers] is not eligible for getting processed by all BeanPostProcessors (for example: not eligible for auto-proxying)
[INFO ] [2021-04-26 18:02:57][o.s.c.s.PostProcessorRegistrationDelegate$BeanPostProcessorChecker] [335] - Bean 'transactionManager' of type [org.springframework.jdbc.datasource.DataSourceTransactionManager] is not eligible for getting processed by all BeanPostProcessors (for example: not eligible for auto-proxying)
[INFO ] [2021-04-26 18:02:57][o.s.c.s.PostProcessorRegistrationDelegate$BeanPostProcessorChecker] [335] - Bean 'transactionConfig' of type [cn.hjljy.fastboot.autoconfig.config.TransactionConfig$$EnhancerBySpringCGLIB$$b0b05777] is not eligible for getting processed by all BeanPostProcessors (for example: not eligible for auto-proxying)
[INFO ] [2021-04-26 18:02:57][o.s.c.s.PostProcessorRegistrationDelegate$BeanPostProcessorChecker] [335] - Bean 'txAdvice' of type [org.springframework.transaction.interceptor.TransactionInterceptor] is not eligible for getting processed by all BeanPostProcessors (for example: not eligible for auto-proxying)
[INFO ] [2021-04-26 18:02:57][o.s.c.s.PostProcessorRegistrationDelegate$BeanPostProcessorChecker] [335] - Bean 'txAdviceAdvisor' of type [org.springframework.aop.support.DefaultPointcutAdvisor] is not eligible for getting processed by all BeanPostProcessors (for example: not eligible for auto-proxying)
[INFO ] [2021-04-26 18:02:57][o.s.b.w.e.t.TomcatWebServer] [108] - Tomcat initialized with port(s): 8090 (http)
[INFO ] [2021-04-26 18:02:57][o.a.c.h.Http11NioProtocol] [173] - Initializing ProtocolHandler ["http-nio-8090"]
[INFO ] [2021-04-26 18:02:57][o.a.c.c.StandardService] [173] - Starting service [Tomcat]
[INFO ] [2021-04-26 18:02:57][o.a.c.c.StandardEngine] [173] - Starting Servlet engine: [Apache Tomcat/9.0.35]
[INFO ] [2021-04-26 18:02:57][o.a.c.c.C.[.[.[/]] [173] - Initializing Spring embedded WebApplicationContext
[INFO ] [2021-04-26 18:02:57][o.s.w.c.ContextLoader] [284] - Root WebApplicationContext: initialization completed in 2426 ms
[INFO ] [2021-04-26 18:02:58][o.r.Version] [41] - Redisson 3.14.0
[INFO ] [2021-04-26 18:02:59][o.r.c.p.MasterPubSubConnectionPool] [167] - 1 connections initialized for /127.0.0.1:6379
[INFO ] [2021-04-26 18:02:59][o.r.c.p.MasterConnectionPool] [167] - 32 connections initialized for /127.0.0.1:6379
[INFO ] [2021-04-26 18:03:00][o.s.b.a.e.w.EndpointLinksResolver] [58] - Exposing 2 endpoint(s) beneath base path '/actuator'
[INFO ] [2021-04-26 18:03:00][s.d.s.w.PropertySourcedRequestMappingHandlerMapping] [69] - Mapped URL path [/v2/api-docs] onto method [springfox.documentation.swagger2.web.Swagger2Controller#getDocumentation(String, HttpServletRequest)]
[INFO ] [2021-04-26 18:03:00][o.s.s.c.ThreadPoolTaskExecutor] [181] - Initializing ExecutorService
[INFO ] [2021-04-26 18:03:00][o.s.s.c.ThreadPoolTaskExecutor] [181] - Initializing ExecutorService 'taskExecutor'
[INFO ] [2021-04-26 18:03:00][o.s.s.w.DefaultSecurityFilterChain] [43] - Creating filter chain: Ant [pattern='/css/**'], []
[INFO ] [2021-04-26 18:03:00][o.s.s.w.DefaultSecurityFilterChain] [43] - Creating filter chain: Ant [pattern='/404.html'], []
[INFO ] [2021-04-26 18:03:00][o.s.s.w.DefaultSecurityFilterChain] [43] - Creating filter chain: Ant [pattern='/500.html'], []
[INFO ] [2021-04-26 18:03:00][o.s.s.w.DefaultSecurityFilterChain] [43] - Creating filter chain: Ant [pattern='/html/**'], []
[INFO ] [2021-04-26 18:03:00][o.s.s.w.DefaultSecurityFilterChain] [43] - Creating filter chain: Ant [pattern='/js/**'], []
[INFO ] [2021-04-26 18:03:00][o.s.s.w.DefaultSecurityFilterChain] [43] - Creating filter chain: OrRequestMatcher [requestMatchers=[Ant [pattern='/oauth/token'], Ant [pattern='/oauth/token_key'], Ant [pattern='/oauth/check_token']]], [org.springframework.security.web.context.request.async.WebAsyncManagerIntegrationFilter@29682244, org.springframework.security.web.context.SecurityContextPersistenceFilter@590ab84, org.springframework.security.web.header.HeaderWriterFilter@5319efc0, org.springframework.security.web.authentication.logout.LogoutFilter@1e9afe4e, org.springframework.security.oauth2.provider.client.ClientCredentialsTokenEndpointFilter@3da701a1, org.springframework.security.web.authentication.www.BasicAuthenticationFilter@66c91224, org.springframework.security.web.savedrequest.RequestCacheAwareFilter@7d48299e, org.springframework.security.web.servletapi.SecurityContextHolderAwareRequestFilter@2bd8c8f1, org.springframework.security.web.authentication.AnonymousAuthenticationFilter@3368cf02, org.springframework.security.web.session.SessionManagementFilter@bafc754, org.springframework.security.web.access.ExceptionTranslationFilter@6d71f296, org.springframework.security.web.access.intercept.FilterSecurityInterceptor@7e4a6afd]
[INFO ] [2021-04-26 18:03:00][o.s.s.w.DefaultSecurityFilterChain] [43] - Creating filter chain: org.springframework.security.oauth2.config.annotation.web.configuration.ResourceServerConfiguration$NotOAuthRequestMatcher@2b826482, [org.springframework.security.web.context.request.async.WebAsyncManagerIntegrationFilter@3f908a10, org.springframework.security.web.context.SecurityContextPersistenceFilter@b97f195, org.springframework.security.web.header.HeaderWriterFilter@71e2ddd, org.springframework.security.web.authentication.logout.LogoutFilter@657e7e8, org.springframework.security.oauth2.provider.authentication.OAuth2AuthenticationProcessingFilter@3894d1b1, org.springframework.security.web.savedrequest.RequestCacheAwareFilter@408bb173, org.springframework.security.web.servletapi.SecurityContextHolderAwareRequestFilter@360d0c7a, org.springframework.security.web.authentication.AnonymousAuthenticationFilter@153c69bc, org.springframework.security.web.session.SessionManagementFilter@8318808, org.springframework.security.web.access.ExceptionTranslationFilter@53630682, org.springframework.security.web.access.intercept.FilterSecurityInterceptor@89dd102]
[INFO ] [2021-04-26 18:03:00][o.s.s.w.DefaultSecurityFilterChain] [43] - Creating filter chain: any request, [org.springframework.security.web.context.request.async.WebAsyncManagerIntegrationFilter@57d0c779, org.springframework.security.web.context.SecurityContextPersistenceFilter@19f9287a, org.springframework.security.web.header.HeaderWriterFilter@1e6cd1c, org.springframework.security.web.authentication.logout.LogoutFilter@6aff157e, org.springframework.security.web.authentication.www.BasicAuthenticationFilter@80081d7, org.springframework.security.web.savedrequest.RequestCacheAwareFilter@4924ad09, org.springframework.security.web.servletapi.SecurityContextHolderAwareRequestFilter@7e9d171c, org.springframework.security.web.authentication.AnonymousAuthenticationFilter@3070f59f, org.springframework.security.web.session.SessionManagementFilter@1dab2cf5, org.springframework.security.web.access.ExceptionTranslationFilter@6d97a357, org.springframework.security.web.access.intercept.FilterSecurityInterceptor@44bb6856]
[INFO ] [2021-04-26 18:03:01][o.a.c.h.Http11NioProtocol] [173] - Starting ProtocolHandler ["http-nio-8090"]
[INFO ] [2021-04-26 18:03:01][o.s.b.w.e.t.TomcatWebServer] [220] - Tomcat started on port(s): 8090 (http) with context path ''
[INFO ] [2021-04-26 18:03:01][s.d.s.w.p.DocumentationPluginsBootstrapper] [160] - Context refreshed
[INFO ] [2021-04-26 18:03:01][s.d.s.w.p.DocumentationPluginsBootstrapper] [163] - Found 3 custom documentation plugin(s)
[INFO ] [2021-04-26 18:03:01][s.d.s.w.s.ApiListingReferenceScanner] [41] - Scanning for api listing references
[INFO ] [2021-04-26 18:03:01][s.d.s.w.s.ApiListingReferenceScanner] [41] - Scanning for api listing references
[INFO ] [2021-04-26 18:03:01][s.d.s.w.r.o.CachingOperationNameGenerator] [40] - Generating unique operation named: addMemberUsingPOST_1
[INFO ] [2021-04-26 18:03:01][s.d.s.w.r.o.CachingOperationNameGenerator] [40] - Generating unique operation named: delMemberUsingDELETE_1
[INFO ] [2021-04-26 18:03:01][s.d.s.w.r.o.CachingOperationNameGenerator] [40] - Generating unique operation named: editMemberUsingPUT_1
[INFO ] [2021-04-26 18:03:01][s.d.s.w.r.o.CachingOperationNameGenerator] [40] - Generating unique operation named: getMemberBaseInfoPageListUsingGET_1
[INFO ] [2021-04-26 18:03:01][s.d.s.w.r.o.CachingOperationNameGenerator] [40] - Generating unique operation named: memberInfoUsingGET_1
[INFO ] [2021-04-26 18:03:01][s.d.s.w.r.o.CachingOperationNameGenerator] [40] - Generating unique operation named: addLevelUsingPOST_1
[INFO ] [2021-04-26 18:03:01][s.d.s.w.r.o.CachingOperationNameGenerator] [40] - Generating unique operation named: delLevelUsingPOST_1
[INFO ] [2021-04-26 18:03:01][s.d.s.w.r.o.CachingOperationNameGenerator] [40] - Generating unique operation named: editLevelUsingPOST_1
[INFO ] [2021-04-26 18:03:01][s.d.s.w.r.o.CachingOperationNameGenerator] [40] - Generating unique operation named: getMemberLevelListUsingPOST_1
[INFO ] [2021-04-26 18:03:01][s.d.s.w.r.o.CachingOperationNameGenerator] [40] - Generating unique operation named: editUsingPOST_1
[INFO ] [2021-04-26 18:03:01][s.d.s.w.r.o.CachingOperationNameGenerator] [40] - Generating unique operation named: getByOrgUsingGET_1
[INFO ] [2021-04-26 18:03:01][s.d.s.w.s.ApiListingReferenceScanner] [41] - Scanning for api listing references
[INFO ] [2021-04-26 18:03:01][s.d.s.w.r.o.CachingOperationNameGenerator] [40] - Generating unique operation named: getSysMenuListUsingGET_1
[INFO ] [2021-04-26 18:03:01][s.d.s.w.r.o.CachingOperationNameGenerator] [40] - Generating unique operation named: addOrgUsingPOST_1
[INFO ] [2021-04-26 18:03:01][s.d.s.w.r.o.CachingOperationNameGenerator] [40] - Generating unique operation named: bindAdminUsingPOST_1
[INFO ] [2021-04-26 18:03:01][s.d.s.w.r.o.CachingOperationNameGenerator] [40] - Generating unique operation named: delOrgUsingPOST_1
[INFO ] [2021-04-26 18:03:01][s.d.s.w.r.o.CachingOperationNameGenerator] [40] - Generating unique operation named: editOrgUsingPOST_1
[INFO ] [2021-04-26 18:03:01][s.d.s.w.r.o.CachingOperationNameGenerator] [40] - Generating unique operation named: getOrgInfoByIdUsingGET_1
[INFO ] [2021-04-26 18:03:01][s.d.s.w.r.o.CachingOperationNameGenerator] [40] - Generating unique operation named: getOrgListByUserUsingGET_1
[INFO ] [2021-04-26 18:03:01][s.d.s.w.r.o.CachingOperationNameGenerator] [40] - Generating unique operation named: addRoleUsingPOST_1
[INFO ] [2021-04-26 18:03:01][s.d.s.w.r.o.CachingOperationNameGenerator] [40] - Generating unique operation named: delRoleUsingGET_1
[INFO ] [2021-04-26 18:03:01][s.d.s.w.r.o.CachingOperationNameGenerator] [40] - Generating unique operation named: editRoleUsingPOST_1
[INFO ] [2021-04-26 18:03:01][s.d.s.w.r.o.CachingOperationNameGenerator] [40] - Generating unique operation named: getSysRoleListUsingGET_1
[INFO ] [2021-04-26 18:03:01][s.d.s.w.r.o.CachingOperationNameGenerator] [40] - Generating unique operation named: getSysRolePageUsingPOST_1
[INFO ] [2021-04-26 18:03:01][s.d.s.w.r.o.CachingOperationNameGenerator] [40] - Generating unique operation named: roleInfoUsingGET_1
[INFO ] [2021-04-26 18:03:01][s.d.s.w.r.o.CachingOperationNameGenerator] [40] - Generating unique operation named: addSysUserInfoUsingPOST_1
[INFO ] [2021-04-26 18:03:01][s.d.s.w.r.o.CachingOperationNameGenerator] [40] - Generating unique operation named: delSysUserUsingPOST_1
[INFO ] [2021-04-26 18:03:01][s.d.s.w.r.o.CachingOperationNameGenerator] [40] - Generating unique operation named: disableSysUserUsingPOST_1
[INFO ] [2021-04-26 18:03:01][s.d.s.w.r.o.CachingOperationNameGenerator] [40] - Generating unique operation named: editPasswordUsingPOST_1
[INFO ] [2021-04-26 18:03:01][s.d.s.w.r.o.CachingOperationNameGenerator] [40] - Generating unique operation named: editPhoneUsingPOST_1
[INFO ] [2021-04-26 18:03:01][s.d.s.w.r.o.CachingOperationNameGenerator] [40] - Generating unique operation named: getSysUserInfoUsingGET_1
[INFO ] [2021-04-26 18:03:01][s.d.s.w.r.o.CachingOperationNameGenerator] [40] - Generating unique operation named: getSysUserInfoByTokenUsingGET_1
[INFO ] [2021-04-26 18:03:01][s.d.s.w.r.o.CachingOperationNameGenerator] [40] - Generating unique operation named: getSysUserPageUsingPOST_1
[INFO ] [2021-04-26 18:03:01][s.d.s.w.r.o.CachingOperationNameGenerator] [40] - Generating unique operation named: getSysUserSimpleInfoListByTokenUsingGET_1
[INFO ] [2021-04-26 18:03:01][s.d.s.w.r.o.CachingOperationNameGenerator] [40] - Generating unique operation named: resetPasswordUsingPOST_1
[INFO ] [2021-04-26 18:03:01][s.d.s.w.r.o.CachingOperationNameGenerator] [40] - Generating unique operation named: updateSysUserInfoUsingPOST_1
[INFO ] [2021-04-26 18:03:01][c.h.f.FastbootApplication] [61] - Started FastbootApplication in 6.969 seconds (JVM running for 8.656)
