[INFO ] [2021-02-24 16:42:02][c.h.f.FastBootApplicationTests] [55] - Starting FastBootApplicationTests on LAPTOP-LA7CJUC4 with PID 7060 (started by TM in D:\yichaofan\ideaProjects\fastboot1230)
[INFO ] [2021-02-24 16:42:02][c.h.f.FastBootApplicationTests] [655] - The following profiles are active: dev
[INFO ] [2021-02-24 16:42:04][o.s.d.r.c.RepositoryConfigurationDelegate] [249] - Multiple Spring Data modules found, entering strict repository configuration mode!
[INFO ] [2021-02-24 16:42:04][o.s.d.r.c.RepositoryConfigurationDelegate] [127] - Bootstrapping Spring Data Redis repositories in DEFAULT mode.
[INFO ] [2021-02-24 16:42:04][o.s.d.r.c.RepositoryConfigurationDelegate] [187] - Finished Spring Data repository scanning in 41ms. Found 0 Redis repository interfaces.
[INFO ] [2021-02-24 16:42:05][o.s.c.s.PostProcessorRegistrationDelegate$BeanPostProcessorChecker] [335] - Bean 'org.springframework.security.access.expression.method.DefaultMethodSecurityExpressionHandler@1ac730cd' of type [org.springframework.security.oauth2.provider.expression.OAuth2MethodSecurityExpressionHandler] is not eligible for getting processed by all BeanPostProcessors (for example: not eligible for auto-proxying)
[INFO ] [2021-02-24 16:42:05][o.s.c.s.PostProcessorRegistrationDelegate$BeanPostProcessorChecker] [335] - Bean 'methodSecurityMetadataSource' of type [org.springframework.security.access.method.DelegatingMethodSecurityMetadataSource] is not eligible for getting processed by all BeanPostProcessors (for example: not eligible for auto-proxying)
[INFO ] [2021-02-24 16:42:05][o.s.c.s.PostProcessorRegistrationDelegate$BeanPostProcessorChecker] [335] - Bean 'org.springframework.boot.autoconfigure.jdbc.DataSourceTransactionManagerAutoConfiguration$DataSourceTransactionManagerConfiguration' of type [org.springframework.boot.autoconfigure.jdbc.DataSourceTransactionManagerAutoConfiguration$DataSourceTransactionManagerConfiguration] is not eligible for getting processed by all BeanPostProcessors (for example: not eligible for auto-proxying)
[INFO ] [2021-02-24 16:42:05][o.s.c.s.PostProcessorRegistrationDelegate$BeanPostProcessorChecker] [335] - Bean 'com.alibaba.druid.spring.boot.autoconfigure.DruidDataSourceAutoConfigure' of type [com.alibaba.druid.spring.boot.autoconfigure.DruidDataSourceAutoConfigure$$EnhancerBySpringCGLIB$$a76a75ea] is not eligible for getting processed by all BeanPostProcessors (for example: not eligible for auto-proxying)
[INFO ] [2021-02-24 16:42:05][c.a.d.s.b.a.DruidDataSourceAutoConfigure] [56] - Init DruidDataSource
[INFO ] [2021-02-24 16:42:05][o.s.c.s.PostProcessorRegistrationDelegate$BeanPostProcessorChecker] [335] - Bean 'spring.datasource-org.springframework.boot.autoconfigure.jdbc.DataSourceProperties' of type [org.springframework.boot.autoconfigure.jdbc.DataSourceProperties] is not eligible for getting processed by all BeanPostProcessors (for example: not eligible for auto-proxying)
[INFO ] [2021-02-24 16:42:05][c.a.d.p.DruidDataSource] [994] - {dataSource-1,数据源名称} inited
[INFO ] [2021-02-24 16:42:05][o.s.c.s.PostProcessorRegistrationDelegate$BeanPostProcessorChecker] [335] - Bean 'dataSource' of type [com.alibaba.druid.spring.boot.autoconfigure.DruidDataSourceWrapper] is not eligible for getting processed by all BeanPostProcessors (for example: not eligible for auto-proxying)
[INFO ] [2021-02-24 16:42:06][o.s.c.s.PostProcessorRegistrationDelegate$BeanPostProcessorChecker] [335] - Bean 'org.springframework.boot.autoconfigure.jdbc.DataSourceInitializerInvoker' of type [org.springframework.boot.autoconfigure.jdbc.DataSourceInitializerInvoker] is not eligible for getting processed by all BeanPostProcessors (for example: not eligible for auto-proxying)
[INFO ] [2021-02-24 16:42:06][o.s.c.s.PostProcessorRegistrationDelegate$BeanPostProcessorChecker] [335] - Bean 'org.springframework.boot.autoconfigure.transaction.TransactionAutoConfiguration' of type [org.springframework.boot.autoconfigure.transaction.TransactionAutoConfiguration] is not eligible for getting processed by all BeanPostProcessors (for example: not eligible for auto-proxying)
[INFO ] [2021-02-24 16:42:06][o.s.c.s.PostProcessorRegistrationDelegate$BeanPostProcessorChecker] [335] - Bean 'spring.transaction-org.springframework.boot.autoconfigure.transaction.TransactionProperties' of type [org.springframework.boot.autoconfigure.transaction.TransactionProperties] is not eligible for getting processed by all BeanPostProcessors (for example: not eligible for auto-proxying)
[INFO ] [2021-02-24 16:42:06][o.s.c.s.PostProcessorRegistrationDelegate$BeanPostProcessorChecker] [335] - Bean 'platformTransactionManagerCustomizers' of type [org.springframework.boot.autoconfigure.transaction.TransactionManagerCustomizers] is not eligible for getting processed by all BeanPostProcessors (for example: not eligible for auto-proxying)
[INFO ] [2021-02-24 16:42:06][o.s.c.s.PostProcessorRegistrationDelegate$BeanPostProcessorChecker] [335] - Bean 'transactionManager' of type [org.springframework.jdbc.datasource.DataSourceTransactionManager] is not eligible for getting processed by all BeanPostProcessors (for example: not eligible for auto-proxying)
[INFO ] [2021-02-24 16:42:06][o.s.c.s.PostProcessorRegistrationDelegate$BeanPostProcessorChecker] [335] - Bean 'transactionConfig' of type [cn.hjljy.fastboot.autoconfig.config.TransactionConfig$$EnhancerBySpringCGLIB$$49ffb8a6] is not eligible for getting processed by all BeanPostProcessors (for example: not eligible for auto-proxying)
[INFO ] [2021-02-24 16:42:06][o.s.c.s.PostProcessorRegistrationDelegate$BeanPostProcessorChecker] [335] - Bean 'txAdvice' of type [org.springframework.transaction.interceptor.TransactionInterceptor] is not eligible for getting processed by all BeanPostProcessors (for example: not eligible for auto-proxying)
[INFO ] [2021-02-24 16:42:06][o.s.c.s.PostProcessorRegistrationDelegate$BeanPostProcessorChecker] [335] - Bean 'txAdviceAdvisor' of type [org.springframework.aop.support.DefaultPointcutAdvisor] is not eligible for getting processed by all BeanPostProcessors (for example: not eligible for auto-proxying)
[INFO ] [2021-02-24 16:42:08][o.r.Version] [41] - Redisson 3.14.0
[INFO ] [2021-02-24 16:42:09][o.r.c.p.MasterPubSubConnectionPool] [167] - 1 connections initialized for /127.0.0.1:6379
[INFO ] [2021-02-24 16:42:09][o.r.c.p.MasterConnectionPool] [167] - 32 connections initialized for /127.0.0.1:6379
[INFO ] [2021-02-24 16:42:11][o.s.b.a.e.w.EndpointLinksResolver] [58] - Exposing 2 endpoint(s) beneath base path '/actuator'
[INFO ] [2021-02-24 16:42:11][s.d.s.w.PropertySourcedRequestMappingHandlerMapping] [69] - Mapped URL path [/v2/api-docs] onto method [springfox.documentation.swagger2.web.Swagger2Controller#getDocumentation(String, HttpServletRequest)]
[INFO ] [2021-02-24 16:42:11][o.s.s.c.ThreadPoolTaskExecutor] [181] - Initializing ExecutorService
[INFO ] [2021-02-24 16:42:11][o.s.s.c.ThreadPoolTaskExecutor] [181] - Initializing ExecutorService 'taskExecutor'
[INFO ] [2021-02-24 16:42:12][o.s.s.w.DefaultSecurityFilterChain] [43] - Creating filter chain: Ant [pattern='/css/**'], []
[INFO ] [2021-02-24 16:42:12][o.s.s.w.DefaultSecurityFilterChain] [43] - Creating filter chain: Ant [pattern='/404.html'], []
[INFO ] [2021-02-24 16:42:12][o.s.s.w.DefaultSecurityFilterChain] [43] - Creating filter chain: Ant [pattern='/500.html'], []
[INFO ] [2021-02-24 16:42:12][o.s.s.w.DefaultSecurityFilterChain] [43] - Creating filter chain: Ant [pattern='/html/**'], []
[INFO ] [2021-02-24 16:42:12][o.s.s.w.DefaultSecurityFilterChain] [43] - Creating filter chain: Ant [pattern='/js/**'], []
[INFO ] [2021-02-24 16:42:12][o.s.s.w.DefaultSecurityFilterChain] [43] - Creating filter chain: OrRequestMatcher [requestMatchers=[Ant [pattern='/oauth/token'], Ant [pattern='/oauth/token_key'], Ant [pattern='/oauth/check_token']]], [org.springframework.security.web.context.request.async.WebAsyncManagerIntegrationFilter@64887fbc, org.springframework.security.web.context.SecurityContextPersistenceFilter@1826475, org.springframework.security.web.header.HeaderWriterFilter@1da32baf, org.springframework.security.web.authentication.logout.LogoutFilter@2e4d2232, org.springframework.security.oauth2.provider.client.ClientCredentialsTokenEndpointFilter@442310fd, org.springframework.security.web.authentication.www.BasicAuthenticationFilter@470b5213, org.springframework.security.web.savedrequest.RequestCacheAwareFilter@7b1559f1, org.springframework.security.web.servletapi.SecurityContextHolderAwareRequestFilter@59d0fac9, org.springframework.security.web.authentication.AnonymousAuthenticationFilter@26b3fe8, org.springframework.security.web.session.SessionManagementFilter@75da2db, org.springframework.security.web.access.ExceptionTranslationFilter@582ca1e2, org.springframework.security.web.access.intercept.FilterSecurityInterceptor@6549ce71]
[INFO ] [2021-02-24 16:42:12][o.s.s.w.DefaultSecurityFilterChain] [43] - Creating filter chain: org.springframework.security.oauth2.config.annotation.web.configuration.ResourceServerConfiguration$NotOAuthRequestMatcher@6b630d4b, [org.springframework.security.web.context.request.async.WebAsyncManagerIntegrationFilter@70aa03c0, org.springframework.security.web.context.SecurityContextPersistenceFilter@2e7517aa, org.springframework.security.web.header.HeaderWriterFilter@76e2a621, org.springframework.security.web.authentication.logout.LogoutFilter@30cb223b, org.springframework.security.oauth2.provider.authentication.OAuth2AuthenticationProcessingFilter@2befb16f, org.springframework.security.web.savedrequest.RequestCacheAwareFilter@152035eb, org.springframework.security.web.servletapi.SecurityContextHolderAwareRequestFilter@76105ac0, org.springframework.security.web.authentication.AnonymousAuthenticationFilter@44da745f, org.springframework.security.web.session.SessionManagementFilter@42805abe, org.springframework.security.web.access.ExceptionTranslationFilter@3c20e9d6, org.springframework.security.web.access.intercept.FilterSecurityInterceptor@6ee1ddcf]
[INFO ] [2021-02-24 16:42:12][o.s.s.w.DefaultSecurityFilterChain] [43] - Creating filter chain: any request, [org.springframework.security.web.context.request.async.WebAsyncManagerIntegrationFilter@4c0930c4, org.springframework.security.web.context.SecurityContextPersistenceFilter@762f8ff6, org.springframework.security.web.header.HeaderWriterFilter@30437e9c, org.springframework.security.web.authentication.logout.LogoutFilter@141a10bf, org.springframework.security.web.authentication.www.BasicAuthenticationFilter@6c851821, org.springframework.security.web.savedrequest.RequestCacheAwareFilter@30ed2a26, org.springframework.security.web.servletapi.SecurityContextHolderAwareRequestFilter@1bf10539, org.springframework.security.web.authentication.AnonymousAuthenticationFilter@75c0cd39, org.springframework.security.web.session.SessionManagementFilter@2e057637, org.springframework.security.web.access.ExceptionTranslationFilter@297dff3a, org.springframework.security.web.access.intercept.FilterSecurityInterceptor@6fbcc078]
[INFO ] [2021-02-24 16:42:14][s.d.s.w.p.DocumentationPluginsBootstrapper] [160] - Context refreshed
[INFO ] [2021-02-24 16:42:14][s.d.s.w.p.DocumentationPluginsBootstrapper] [163] - Found 3 custom documentation plugin(s)
[INFO ] [2021-02-24 16:42:14][s.d.s.w.s.ApiListingReferenceScanner] [41] - Scanning for api listing references
[INFO ] [2021-02-24 16:42:15][s.d.s.w.r.o.CachingOperationNameGenerator] [40] - Generating unique operation named: getSysUserPageUsingPOST_1
[INFO ] [2021-02-24 16:42:15][s.d.s.w.s.ApiListingReferenceScanner] [41] - Scanning for api listing references
[INFO ] [2021-02-24 16:42:15][s.d.s.w.r.o.CachingOperationNameGenerator] [40] - Generating unique operation named: addMemberUsingPOST_1
[INFO ] [2021-02-24 16:42:15][s.d.s.w.r.o.CachingOperationNameGenerator] [40] - Generating unique operation named: delMemberUsingPOST_1
[INFO ] [2021-02-24 16:42:15][s.d.s.w.r.o.CachingOperationNameGenerator] [40] - Generating unique operation named: editMemberUsingPOST_1
[INFO ] [2021-02-24 16:42:15][s.d.s.w.r.o.CachingOperationNameGenerator] [40] - Generating unique operation named: getMemberBaseInfoPageListUsingPOST_1
[INFO ] [2021-02-24 16:42:15][s.d.s.w.r.o.CachingOperationNameGenerator] [40] - Generating unique operation named: addLevelUsingPOST_1
[INFO ] [2021-02-24 16:42:15][s.d.s.w.r.o.CachingOperationNameGenerator] [40] - Generating unique operation named: delLevelUsingPOST_1
[INFO ] [2021-02-24 16:42:15][s.d.s.w.r.o.CachingOperationNameGenerator] [40] - Generating unique operation named: editLevelUsingPOST_1
[INFO ] [2021-02-24 16:42:15][s.d.s.w.r.o.CachingOperationNameGenerator] [40] - Generating unique operation named: getMemberLevelListUsingPOST_1
[INFO ] [2021-02-24 16:42:15][s.d.s.w.r.o.CachingOperationNameGenerator] [40] - Generating unique operation named: editUsingPOST_1
[INFO ] [2021-02-24 16:42:15][s.d.s.w.r.o.CachingOperationNameGenerator] [40] - Generating unique operation named: getByOrgUsingGET_1
[INFO ] [2021-02-24 16:42:15][s.d.s.w.s.ApiListingReferenceScanner] [41] - Scanning for api listing references
[INFO ] [2021-02-24 16:42:15][s.d.s.w.r.o.CachingOperationNameGenerator] [40] - Generating unique operation named: delOrgUsingPOST_1
[INFO ] [2021-02-24 16:42:15][s.d.s.w.r.o.CachingOperationNameGenerator] [40] - Generating unique operation named: disableOrgUsingPOST_1
[INFO ] [2021-02-24 16:42:15][s.d.s.w.r.o.CachingOperationNameGenerator] [40] - Generating unique operation named: editOrgUsingPOST_1
[INFO ] [2021-02-24 16:42:15][s.d.s.w.r.o.CachingOperationNameGenerator] [40] - Generating unique operation named: getOrgListUsingGET_1
[INFO ] [2021-02-24 16:42:15][s.d.s.w.r.o.CachingOperationNameGenerator] [40] - Generating unique operation named: getOrgListByUserUsingGET_1
[INFO ] [2021-02-24 16:42:15][s.d.s.w.r.o.CachingOperationNameGenerator] [40] - Generating unique operation named: getSysUserPageUsingPOST_2
[INFO ] [2021-02-24 16:42:15][s.d.s.w.r.o.CachingOperationNameGenerator] [40] - Generating unique operation named: addSysUserInfoUsingPOST_1
[INFO ] [2021-02-24 16:42:15][s.d.s.w.r.o.CachingOperationNameGenerator] [40] - Generating unique operation named: delSysUserUsingPOST_1
[INFO ] [2021-02-24 16:42:15][s.d.s.w.r.o.CachingOperationNameGenerator] [40] - Generating unique operation named: disableSysUserUsingPOST_1
[INFO ] [2021-02-24 16:42:15][s.d.s.w.r.o.CachingOperationNameGenerator] [40] - Generating unique operation named: editPasswordUsingPOST_1
[INFO ] [2021-02-24 16:42:15][s.d.s.w.r.o.CachingOperationNameGenerator] [40] - Generating unique operation named: getSysUserInfoUsingGET_1
[INFO ] [2021-02-24 16:42:15][s.d.s.w.r.o.CachingOperationNameGenerator] [40] - Generating unique operation named: getSysUserInfoByTokenUsingGET_1
[INFO ] [2021-02-24 16:42:15][s.d.s.w.r.o.CachingOperationNameGenerator] [40] - Generating unique operation named: getSysUserPageUsingPOST_3
[INFO ] [2021-02-24 16:42:15][s.d.s.w.r.o.CachingOperationNameGenerator] [40] - Generating unique operation named: resetPasswordUsingPOST_1
[INFO ] [2021-02-24 16:42:15][s.d.s.w.r.o.CachingOperationNameGenerator] [40] - Generating unique operation named: updateSysUserInfoUsingPOST_1
[INFO ] [2021-02-24 16:42:15][c.h.f.FastBootApplicationTests] [61] - Started FastBootApplicationTests in 13.155 seconds (JVM running for 14.651)
[INFO ] [2021-02-24 16:42:15][o.s.s.c.ThreadPoolTaskExecutor] [218] - Shutting down ExecutorService 'taskExecutor'
[INFO ] [2021-02-24 16:42:15][c.a.d.p.DruidDataSource] [2029] - {dataSource-1} closing ...
[INFO ] [2021-02-24 16:42:15][c.a.d.p.DruidDataSource] [2101] - {dataSource-1} closed
