[INFO ] [2021-02-04 18:30:49][c.h.f.FastbootApplication] [55] - Starting FastbootApplication on LAPTOP-LA7CJUC4 with PID 11248 (D:\yichaofan\ideaProjects\fastboot1230\target\classes started by TM in D:\yichaofan\ideaProjects\fastboot1230)
[INFO ] [2021-02-04 18:30:49][c.h.f.FastbootApplication] [655] - The following profiles are active: dev
[INFO ] [2021-02-04 18:30:51][o.s.d.r.c.RepositoryConfigurationDelegate] [249] - Multiple Spring Data modules found, entering strict repository configuration mode!
[INFO ] [2021-02-04 18:30:51][o.s.d.r.c.RepositoryConfigurationDelegate] [127] - Bootstrapping Spring Data Redis repositories in DEFAULT mode.
[INFO ] [2021-02-04 18:30:51][o.s.d.r.c.RepositoryConfigurationDelegate] [187] - Finished Spring Data repository scanning in 35ms. Found 0 Redis repository interfaces.
[INFO ] [2021-02-04 18:30:51][o.s.c.s.PostProcessorRegistrationDelegate$BeanPostProcessorChecker] [335] - Bean 'org.springframework.security.access.expression.method.DefaultMethodSecurityExpressionHandler@69ec93c2' of type [org.springframework.security.oauth2.provider.expression.OAuth2MethodSecurityExpressionHandler] is not eligible for getting processed by all BeanPostProcessors (for example: not eligible for auto-proxying)
[INFO ] [2021-02-04 18:30:51][o.s.c.s.PostProcessorRegistrationDelegate$BeanPostProcessorChecker] [335] - Bean 'methodSecurityMetadataSource' of type [org.springframework.security.access.method.DelegatingMethodSecurityMetadataSource] is not eligible for getting processed by all BeanPostProcessors (for example: not eligible for auto-proxying)
[INFO ] [2021-02-04 18:30:51][o.s.c.s.PostProcessorRegistrationDelegate$BeanPostProcessorChecker] [335] - Bean 'org.springframework.boot.autoconfigure.jdbc.DataSourceTransactionManagerAutoConfiguration$DataSourceTransactionManagerConfiguration' of type [org.springframework.boot.autoconfigure.jdbc.DataSourceTransactionManagerAutoConfiguration$DataSourceTransactionManagerConfiguration] is not eligible for getting processed by all BeanPostProcessors (for example: not eligible for auto-proxying)
[INFO ] [2021-02-04 18:30:51][o.s.c.s.PostProcessorRegistrationDelegate$BeanPostProcessorChecker] [335] - Bean 'com.alibaba.druid.spring.boot.autoconfigure.DruidDataSourceAutoConfigure' of type [com.alibaba.druid.spring.boot.autoconfigure.DruidDataSourceAutoConfigure$$EnhancerBySpringCGLIB$$63b617da] is not eligible for getting processed by all BeanPostProcessors (for example: not eligible for auto-proxying)
[INFO ] [2021-02-04 18:30:51][c.a.d.s.b.a.DruidDataSourceAutoConfigure] [56] - Init DruidDataSource
[INFO ] [2021-02-04 18:30:52][o.s.c.s.PostProcessorRegistrationDelegate$BeanPostProcessorChecker] [335] - Bean 'spring.datasource-org.springframework.boot.autoconfigure.jdbc.DataSourceProperties' of type [org.springframework.boot.autoconfigure.jdbc.DataSourceProperties] is not eligible for getting processed by all BeanPostProcessors (for example: not eligible for auto-proxying)
[INFO ] [2021-02-04 18:30:52][c.a.d.p.DruidDataSource] [994] - {dataSource-1,数据源名称} inited
[INFO ] [2021-02-04 18:30:52][o.s.c.s.PostProcessorRegistrationDelegate$BeanPostProcessorChecker] [335] - Bean 'dataSource' of type [com.alibaba.druid.spring.boot.autoconfigure.DruidDataSourceWrapper] is not eligible for getting processed by all BeanPostProcessors (for example: not eligible for auto-proxying)
[INFO ] [2021-02-04 18:30:52][o.s.c.s.PostProcessorRegistrationDelegate$BeanPostProcessorChecker] [335] - Bean 'org.springframework.boot.autoconfigure.jdbc.DataSourceInitializerInvoker' of type [org.springframework.boot.autoconfigure.jdbc.DataSourceInitializerInvoker] is not eligible for getting processed by all BeanPostProcessors (for example: not eligible for auto-proxying)
[INFO ] [2021-02-04 18:30:52][o.s.c.s.PostProcessorRegistrationDelegate$BeanPostProcessorChecker] [335] - Bean 'org.springframework.boot.autoconfigure.transaction.TransactionAutoConfiguration' of type [org.springframework.boot.autoconfigure.transaction.TransactionAutoConfiguration] is not eligible for getting processed by all BeanPostProcessors (for example: not eligible for auto-proxying)
[INFO ] [2021-02-04 18:30:52][o.s.c.s.PostProcessorRegistrationDelegate$BeanPostProcessorChecker] [335] - Bean 'spring.transaction-org.springframework.boot.autoconfigure.transaction.TransactionProperties' of type [org.springframework.boot.autoconfigure.transaction.TransactionProperties] is not eligible for getting processed by all BeanPostProcessors (for example: not eligible for auto-proxying)
[INFO ] [2021-02-04 18:30:52][o.s.c.s.PostProcessorRegistrationDelegate$BeanPostProcessorChecker] [335] - Bean 'platformTransactionManagerCustomizers' of type [org.springframework.boot.autoconfigure.transaction.TransactionManagerCustomizers] is not eligible for getting processed by all BeanPostProcessors (for example: not eligible for auto-proxying)
[INFO ] [2021-02-04 18:30:52][o.s.c.s.PostProcessorRegistrationDelegate$BeanPostProcessorChecker] [335] - Bean 'transactionManager' of type [org.springframework.jdbc.datasource.DataSourceTransactionManager] is not eligible for getting processed by all BeanPostProcessors (for example: not eligible for auto-proxying)
[INFO ] [2021-02-04 18:30:52][o.s.c.s.PostProcessorRegistrationDelegate$BeanPostProcessorChecker] [335] - Bean 'transactionConfig' of type [cn.hjljy.fastboot.autoconfig.config.TransactionConfig$$EnhancerBySpringCGLIB$$64b5a96] is not eligible for getting processed by all BeanPostProcessors (for example: not eligible for auto-proxying)
[INFO ] [2021-02-04 18:30:52][o.s.c.s.PostProcessorRegistrationDelegate$BeanPostProcessorChecker] [335] - Bean 'txAdvice' of type [org.springframework.transaction.interceptor.TransactionInterceptor] is not eligible for getting processed by all BeanPostProcessors (for example: not eligible for auto-proxying)
[INFO ] [2021-02-04 18:30:52][o.s.c.s.PostProcessorRegistrationDelegate$BeanPostProcessorChecker] [335] - Bean 'txAdviceAdvisor' of type [org.springframework.aop.support.DefaultPointcutAdvisor] is not eligible for getting processed by all BeanPostProcessors (for example: not eligible for auto-proxying)
[INFO ] [2021-02-04 18:30:52][o.s.b.w.e.t.TomcatWebServer] [108] - Tomcat initialized with port(s): 8090 (http)
[INFO ] [2021-02-04 18:30:52][o.a.c.h.Http11NioProtocol] [173] - Initializing ProtocolHandler ["http-nio-8090"]
[INFO ] [2021-02-04 18:30:52][o.a.c.c.StandardService] [173] - Starting service [Tomcat]
[INFO ] [2021-02-04 18:30:52][o.a.c.c.StandardEngine] [173] - Starting Servlet engine: [Apache Tomcat/9.0.35]
[INFO ] [2021-02-04 18:30:52][o.a.c.c.C.[.[.[/]] [173] - Initializing Spring embedded WebApplicationContext
[INFO ] [2021-02-04 18:30:52][o.s.w.c.ContextLoader] [284] - Root WebApplicationContext: initialization completed in 3239 ms
[INFO ] [2021-02-04 18:30:54][o.r.Version] [41] - Redisson 3.14.0
[INFO ] [2021-02-04 18:30:55][o.r.c.p.MasterPubSubConnectionPool] [167] - 1 connections initialized for /127.0.0.1:6379
[INFO ] [2021-02-04 18:30:55][o.r.c.p.MasterConnectionPool] [167] - 32 connections initialized for /127.0.0.1:6379
[INFO ] [2021-02-04 18:30:56][o.s.b.a.e.w.EndpointLinksResolver] [58] - Exposing 2 endpoint(s) beneath base path '/actuator'
[INFO ] [2021-02-04 18:30:56][s.d.s.w.PropertySourcedRequestMappingHandlerMapping] [69] - Mapped URL path [/v2/api-docs] onto method [springfox.documentation.swagger2.web.Swagger2Controller#getDocumentation(String, HttpServletRequest)]
[INFO ] [2021-02-04 18:30:56][o.s.s.c.ThreadPoolTaskExecutor] [181] - Initializing ExecutorService
[INFO ] [2021-02-04 18:30:56][o.s.s.c.ThreadPoolTaskExecutor] [181] - Initializing ExecutorService 'taskExecutor'
[INFO ] [2021-02-04 18:30:57][o.s.s.w.DefaultSecurityFilterChain] [43] - Creating filter chain: Ant [pattern='/css/**'], []
[INFO ] [2021-02-04 18:30:57][o.s.s.w.DefaultSecurityFilterChain] [43] - Creating filter chain: Ant [pattern='/404.html'], []
[INFO ] [2021-02-04 18:30:57][o.s.s.w.DefaultSecurityFilterChain] [43] - Creating filter chain: Ant [pattern='/500.html'], []
[INFO ] [2021-02-04 18:30:57][o.s.s.w.DefaultSecurityFilterChain] [43] - Creating filter chain: Ant [pattern='/html/**'], []
[INFO ] [2021-02-04 18:30:57][o.s.s.w.DefaultSecurityFilterChain] [43] - Creating filter chain: Ant [pattern='/js/**'], []
[INFO ] [2021-02-04 18:30:57][o.s.s.w.DefaultSecurityFilterChain] [43] - Creating filter chain: OrRequestMatcher [requestMatchers=[Ant [pattern='/oauth/token'], Ant [pattern='/oauth/token_key'], Ant [pattern='/oauth/check_token']]], [org.springframework.security.web.context.request.async.WebAsyncManagerIntegrationFilter@5c65fa69, org.springframework.security.web.context.SecurityContextPersistenceFilter@51f009ef, org.springframework.security.web.header.HeaderWriterFilter@4a36a35d, org.springframework.security.web.authentication.logout.LogoutFilter@556ae220, org.springframework.security.oauth2.provider.client.ClientCredentialsTokenEndpointFilter@33425171, org.springframework.security.web.authentication.www.BasicAuthenticationFilter@17ebbf1e, org.springframework.security.web.savedrequest.RequestCacheAwareFilter@6c96346b, org.springframework.security.web.servletapi.SecurityContextHolderAwareRequestFilter@1107c465, org.springframework.security.web.authentication.AnonymousAuthenticationFilter@38d308e7, org.springframework.security.web.session.SessionManagementFilter@453e1bba, org.springframework.security.web.access.ExceptionTranslationFilter@1a53ac0c, org.springframework.security.web.access.intercept.FilterSecurityInterceptor@63d75087]
[INFO ] [2021-02-04 18:30:57][o.s.s.w.DefaultSecurityFilterChain] [43] - Creating filter chain: org.springframework.security.oauth2.config.annotation.web.configuration.ResourceServerConfiguration$NotOAuthRequestMatcher@7b364f47, [org.springframework.security.web.context.request.async.WebAsyncManagerIntegrationFilter@5c8d631, org.springframework.security.web.context.SecurityContextPersistenceFilter@3435a4e5, org.springframework.security.web.header.HeaderWriterFilter@75d402d4, org.springframework.security.web.authentication.logout.LogoutFilter@3d5e0bf0, org.springframework.security.oauth2.provider.authentication.OAuth2AuthenticationProcessingFilter@537a8915, org.springframework.security.web.savedrequest.RequestCacheAwareFilter@31434b63, org.springframework.security.web.servletapi.SecurityContextHolderAwareRequestFilter@64d42d3d, org.springframework.security.web.authentication.AnonymousAuthenticationFilter@3d42b756, org.springframework.security.web.session.SessionManagementFilter@1a0b4955, org.springframework.security.web.access.ExceptionTranslationFilter@1f235a0a, org.springframework.security.web.access.intercept.FilterSecurityInterceptor@79486f38]
[INFO ] [2021-02-04 18:30:57][o.s.s.w.DefaultSecurityFilterChain] [43] - Creating filter chain: any request, [org.springframework.security.web.context.request.async.WebAsyncManagerIntegrationFilter@48cbe1c9, org.springframework.security.web.context.SecurityContextPersistenceFilter@3fc14dc0, org.springframework.security.web.header.HeaderWriterFilter@6a95c2f6, org.springframework.security.web.authentication.logout.LogoutFilter@4f5bfbca, org.springframework.security.web.authentication.www.BasicAuthenticationFilter@6a6a3fc4, org.springframework.security.web.savedrequest.RequestCacheAwareFilter@3c04ddda, org.springframework.security.web.servletapi.SecurityContextHolderAwareRequestFilter@78c23ade, org.springframework.security.web.authentication.AnonymousAuthenticationFilter@67e628b, org.springframework.security.web.session.SessionManagementFilter@15d2ea6b, org.springframework.security.web.access.ExceptionTranslationFilter@790f4933, org.springframework.security.web.access.intercept.FilterSecurityInterceptor@63e648a0]
[INFO ] [2021-02-04 18:30:57][o.a.c.h.Http11NioProtocol] [173] - Starting ProtocolHandler ["http-nio-8090"]
[INFO ] [2021-02-04 18:30:57][o.s.b.w.e.t.TomcatWebServer] [220] - Tomcat started on port(s): 8090 (http) with context path ''
[INFO ] [2021-02-04 18:30:57][s.d.s.w.p.DocumentationPluginsBootstrapper] [160] - Context refreshed
[INFO ] [2021-02-04 18:30:57][s.d.s.w.p.DocumentationPluginsBootstrapper] [163] - Found 3 custom documentation plugin(s)
[INFO ] [2021-02-04 18:30:58][s.d.s.w.s.ApiListingReferenceScanner] [41] - Scanning for api listing references
[INFO ] [2021-02-04 18:30:58][s.d.s.w.r.o.CachingOperationNameGenerator] [40] - Generating unique operation named: getSysUserPageUsingPOST_1
[INFO ] [2021-02-04 18:30:58][s.d.s.w.s.ApiListingReferenceScanner] [41] - Scanning for api listing references
[INFO ] [2021-02-04 18:30:58][s.d.s.w.r.o.CachingOperationNameGenerator] [40] - Generating unique operation named: addMemberUsingPOST_1
[INFO ] [2021-02-04 18:30:58][s.d.s.w.r.o.CachingOperationNameGenerator] [40] - Generating unique operation named: getMemberBaseInfoPageListUsingPOST_1
[INFO ] [2021-02-04 18:30:58][s.d.s.w.r.o.CachingOperationNameGenerator] [40] - Generating unique operation named: addLevelUsingPOST_1
[INFO ] [2021-02-04 18:30:58][s.d.s.w.r.o.CachingOperationNameGenerator] [40] - Generating unique operation named: getMemberLevelListUsingPOST_1
[INFO ] [2021-02-04 18:30:58][s.d.s.w.s.ApiListingReferenceScanner] [41] - Scanning for api listing references
[INFO ] [2021-02-04 18:30:58][s.d.s.w.r.o.CachingOperationNameGenerator] [40] - Generating unique operation named: delOrgUsingPOST_1
[INFO ] [2021-02-04 18:30:58][s.d.s.w.r.o.CachingOperationNameGenerator] [40] - Generating unique operation named: disableOrgUsingPOST_1
[INFO ] [2021-02-04 18:30:58][s.d.s.w.r.o.CachingOperationNameGenerator] [40] - Generating unique operation named: editOrgUsingPOST_1
[INFO ] [2021-02-04 18:30:58][s.d.s.w.r.o.CachingOperationNameGenerator] [40] - Generating unique operation named: getOrgListUsingGET_1
[INFO ] [2021-02-04 18:30:58][s.d.s.w.r.o.CachingOperationNameGenerator] [40] - Generating unique operation named: getOrgListByUserUsingGET_1
[INFO ] [2021-02-04 18:30:58][s.d.s.w.r.o.CachingOperationNameGenerator] [40] - Generating unique operation named: getSysUserPageUsingPOST_2
[INFO ] [2021-02-04 18:30:58][s.d.s.w.r.o.CachingOperationNameGenerator] [40] - Generating unique operation named: addSysUserInfoUsingPOST_1
[INFO ] [2021-02-04 18:30:58][s.d.s.w.r.o.CachingOperationNameGenerator] [40] - Generating unique operation named: delSysUserUsingPOST_1
[INFO ] [2021-02-04 18:30:58][s.d.s.w.r.o.CachingOperationNameGenerator] [40] - Generating unique operation named: disableSysUserUsingPOST_1
[INFO ] [2021-02-04 18:30:58][s.d.s.w.r.o.CachingOperationNameGenerator] [40] - Generating unique operation named: editPasswordUsingPOST_1
[INFO ] [2021-02-04 18:30:58][s.d.s.w.r.o.CachingOperationNameGenerator] [40] - Generating unique operation named: getSysUserInfoUsingGET_1
[INFO ] [2021-02-04 18:30:58][s.d.s.w.r.o.CachingOperationNameGenerator] [40] - Generating unique operation named: getSysUserInfoByTokenUsingGET_1
[INFO ] [2021-02-04 18:30:58][s.d.s.w.r.o.CachingOperationNameGenerator] [40] - Generating unique operation named: getSysUserPageUsingPOST_3
[INFO ] [2021-02-04 18:30:58][s.d.s.w.r.o.CachingOperationNameGenerator] [40] - Generating unique operation named: resetPasswordUsingPOST_1
[INFO ] [2021-02-04 18:30:58][s.d.s.w.r.o.CachingOperationNameGenerator] [40] - Generating unique operation named: updateSysUserInfoUsingPOST_1
[INFO ] [2021-02-04 18:30:58][c.h.f.FastbootApplication] [61] - Started FastbootApplication in 9.472 seconds (JVM running for 15.84)
[INFO ] [2021-02-04 18:30:58][o.a.c.c.C.[.[.[/]] [173] - Initializing Spring DispatcherServlet 'dispatcherServlet'
[INFO ] [2021-02-04 18:30:58][o.s.w.s.DispatcherServlet] [525] - Initializing Servlet 'dispatcherServlet'
[INFO ] [2021-02-04 18:30:58][o.s.w.s.DispatcherServlet] [547] - Completed initialization in 12 ms
